<?xml version="1.0"?><coverage lines-covered="1003" lines-valid="1779" line-rate="0.5637998875772906" branches-covered="0" branches-valid="0" branch-rate="0" complexity="0" version="1.9" timestamp="1768305763"><sources><source>/home/rmondo/repos/heart-beat2/rust</source></sources><packages><package name="src/state" line-rate="0.9514563106796117" branch-rate="0" complexity="0"><classes><class name="connectivity" filename="src/state/connectivity.rs" line-rate="0.9701492537313433" branch-rate="0" complexity="0"><methods/><lines><line number="97" hits="7"/><line number="100" hits="7"/><line number="105" hits="1"/><line number="113" hits="1"/><line number="114" hits="1"/><line number="118" hits="1"/><line number="133" hits="7"/><line number="134" hits="7"/><line number="135" hits="7"/><line number="136" hits="2"/><line number="142" hits="4"/><line number="143" hits="4"/><line number="144" hits="2"/><line number="145" hits="7"/><line number="146" hits="7"/><line number="148" hits="2"/><line number="155" hits="31"/><line number="156" hits="4"/><line number="158" hits="3"/><line number="161" hits="1"/><line number="162" hits="1"/><line number="164" hits="3"/><line number="165" hits="1"/><line number="172" hits="15"/><line number="173" hits="2"/><line number="174" hits="3"/><line number="176" hits="2"/><line number="177" hits="2"/><line number="179" hits="2"/><line number="180" hits="0"/><line number="187" hits="15"/><line number="188" hits="3"/><line number="190" hits="3"/><line number="191" hits="3"/><line number="193" hits="2"/><line number="194" hits="0"/><line number="201" hits="2"/><line number="207" hits="2"/><line number="208" hits="2"/><line number="210" hits="7"/><line number="212" hits="4"/><line number="217" hits="2"/><line number="220" hits="6"/><line number="221" hits="2"/><line number="222" hits="3"/><line number="223" hits="3"/><line number="227" hits="2"/><line number="228" hits="2"/><line number="233" hits="7"/><line number="234" hits="12"/><line number="250" hits="2"/><line number="251" hits="3"/><line number="252" hits="2"/><line number="253" hits="2"/><line number="254" hits="2"/><line number="256" hits="1"/><line number="258" hits="3"/><line number="271" hits="7"/><line number="273" hits="8"/><line number="276" hits="8"/><line number="281" hits="7"/><line number="282" hits="14"/><line number="283" hits="7"/><line number="288" hits="1"/><line number="289" hits="1"/><line number="293" hits="1"/><line number="294" hits="1"/></lines></class><class name="session" filename="src/state/session.rs" line-rate="0.9424460431654677" branch-rate="0" complexity="0"><methods/><lines><line number="55" hits="1"/><line number="68" hits="1"/><line number="69" hits="2"/><line number="70" hits="1"/><line number="71" hits="1"/><line number="74" hits="1"/><line number="76" hits="2"/><line number="77" hits="1"/><line number="79" hits="2"/><line number="80" hits="1"/><line number="81" hits="1"/><line number="85" hits="2"/><line number="86" hits="1"/><line number="88" hits="2"/><line number="90" hits="1"/><line number="91" hits="2"/><line number="96" hits="1"/><line number="97" hits="1"/><line number="100" hits="1"/><line number="101" hits="1"/><line number="102" hits="1"/><line number="107" hits="1"/><line number="153" hits="1"/><line number="154" hits="4"/><line number="155" hits="1"/><line number="157" hits="4"/><line number="159" hits="1"/><line number="165" hits="1"/><line number="172" hits="1"/><line number="176" hits="2"/><line number="177" hits="1"/><line number="178" hits="1"/><line number="179" hits="2"/><line number="180" hits="1"/><line number="183" hits="1"/><line number="185" hits="1"/><line number="186" hits="1"/><line number="189" hits="1"/><line number="192" hits="0"/><line number="198" hits="0"/><line number="200" hits="1"/><line number="201" hits="1"/><line number="202" hits="1"/><line number="203" hits="1"/><line number="205" hits="1"/><line number="206" hits="0"/><line number="212" hits="2"/><line number="218" hits="2"/><line number="219" hits="1"/><line number="220" hits="1"/><line number="221" hits="1"/><line number="223" hits="1"/><line number="225" hits="1"/><line number="226" hits="2"/><line number="232" hits="1"/><line number="233" hits="1"/><line number="237" hits="4"/><line number="254" hits="3"/><line number="263" hits="1"/><line number="264" hits="1"/><line number="269" hits="1"/><line number="270" hits="1"/><line number="282" hits="1"/><line number="284" hits="3"/><line number="285" hits="1"/><line number="290" hits="1"/><line number="291" hits="4"/><line number="292" hits="1"/><line number="294" hits="5"/><line number="295" hits="4"/><line number="296" hits="1"/><line number="300" hits="1"/><line number="303" hits="1"/><line number="304" hits="2"/><line number="305" hits="1"/><line number="310" hits="3"/><line number="311" hits="2"/><line number="313" hits="0"/><line number="314" hits="0"/><line number="317" hits="3"/><line number="320" hits="4"/><line number="321" hits="1"/><line number="323" hits="1"/><line number="325" hits="1"/><line number="326" hits="1"/><line number="328" hits="2"/><line number="329" hits="1"/><line number="332" hits="2"/><line number="337" hits="2"/><line number="339" hits="1"/><line number="341" hits="1"/><line number="344" hits="2"/><line number="345" hits="1"/><line number="346" hits="1"/><line number="351" hits="2"/><line number="352" hits="1"/><line number="353" hits="0"/><line number="356" hits="2"/><line number="357" hits="1"/><line number="358" hits="1"/><line number="361" hits="1"/><line number="362" hits="0"/><line number="367" hits="1"/><line number="377" hits="1"/><line number="380" hits="1"/><line number="383" hits="1"/><line number="384" hits="1"/><line number="390" hits="1"/><line number="391" hits="1"/><line number="395" hits="1"/><line number="400" hits="1"/><line number="407" hits="1"/><line number="408" hits="1"/><line number="409" hits="1"/><line number="410" hits="1"/><line number="414" hits="2"/><line number="415" hits="1"/><line number="416" hits="1"/><line number="417" hits="1"/><line number="421" hits="1"/><line number="427" hits="1"/><line number="428" hits="2"/><line number="429" hits="2"/><line number="430" hits="1"/><line number="431" hits="1"/><line number="435" hits="2"/><line number="441" hits="2"/><line number="442" hits="2"/><line number="443" hits="1"/><line number="444" hits="2"/><line number="448" hits="4"/><line number="449" hits="2"/><line number="450" hits="2"/><line number="451" hits="2"/><line number="452" hits="2"/><line number="454" hits="0"/><line number="459" hits="1"/><line number="464" hits="1"/><line number="465" hits="1"/></lines></class></classes></package><package name="src/adapters" line-rate="0.6515513126491647" branch-rate="0" complexity="0"><classes><class name="btleplug_adapter" filename="src/adapters/btleplug_adapter.rs" line-rate="0.41203703703703703" branch-rate="0" complexity="0"><methods/><lines><line number="104" hits="24"/><line number="106" hits="10"/><line number="108" hits="7"/><line number="109" hits="18"/><line number="112" hits="9"/><line number="113" hits="9"/><line number="116" hits="1"/><line number="118" hits="4"/><line number="119" hits="1"/><line number="120" hits="4"/><line number="121" hits="4"/><line number="126" hits="4"/><line number="128" hits="2"/><line number="130" hits="3"/><line number="132" hits="4"/><line number="133" hits="3"/><line number="134" hits="1"/><line number="135" hits="0"/><line number="139" hits="1"/><line number="143" hits="0"/><line number="151" hits="0"/><line number="154" hits="0"/><line number="156" hits="0"/><line number="158" hits="0"/><line number="161" hits="0"/><line number="162" hits="0"/><line number="164" hits="0"/><line number="201" hits="0"/><line number="207" hits="0"/><line number="210" hits="0"/><line number="212" hits="0"/><line number="216" hits="0"/><line number="220" hits="0"/><line number="223" hits="0"/><line number="224" hits="0"/><line number="229" hits="0"/><line number="230" hits="0"/><line number="231" hits="0"/><line number="233" hits="0"/><line number="239" hits="0"/><line number="240" hits="0"/><line number="244" hits="0"/><line number="246" hits="0"/><line number="247" hits="0"/><line number="248" hits="0"/><line number="249" hits="0"/><line number="250" hits="0"/><line number="253" hits="0"/><line number="254" hits="0"/><line number="255" hits="0"/><line number="260" hits="0"/><line number="261" hits="0"/><line number="263" hits="0"/><line number="267" hits="0"/><line number="268" hits="0"/><line number="270" hits="0"/><line number="274" hits="0"/><line number="275" hits="0"/><line number="277" hits="0"/><line number="278" hits="0"/><line number="279" hits="0"/><line number="280" hits="0"/><line number="281" hits="0"/><line number="283" hits="0"/><line number="285" hits="0"/><line number="290" hits="0"/><line number="294" hits="0"/><line number="295" hits="0"/><line number="300" hits="0"/><line number="342" hits="1"/><line number="349" hits="2"/><line number="355" hits="4"/><line number="357" hits="2"/><line number="358" hits="2"/><line number="359" hits="2"/><line number="365" hits="1"/><line number="368" hits="3"/><line number="369" hits="0"/><line number="372" hits="2"/><line number="380" hits="2"/><line number="381" hits="1"/><line number="384" hits="0"/><line number="393" hits="4"/><line number="395" hits="0"/><line number="403" hits="0"/><line number="406" hits="0"/><line number="407" hits="0"/><line number="410" hits="0"/><line number="412" hits="1"/><line number="413" hits="2"/><line number="421" hits="1"/><line number="423" hits="2"/><line number="426" hits="1"/><line number="427" hits="0"/><line number="430" hits="2"/><line number="441" hits="0"/><line number="450" hits="6"/><line number="451" hits="2"/><line number="454" hits="2"/><line number="457" hits="1"/><line number="461" hits="2"/><line number="464" hits="2"/><line number="465" hits="3"/><line number="467" hits="1"/><line number="469" hits="0"/><line number="470" hits="0"/><line number="471" hits="0"/><line number="476" hits="3"/><line number="478" hits="4"/><line number="479" hits="5"/><line number="480" hits="2"/><line number="482" hits="2"/><line number="487" hits="1"/><line number="490" hits="6"/><line number="492" hits="2"/><line number="494" hits="4"/><line number="496" hits="4"/><line number="498" hits="1"/><line number="501" hits="6"/><line number="503" hits="2"/><line number="504" hits="0"/><line number="505" hits="0"/><line number="509" hits="3"/><line number="510" hits="1"/><line number="511" hits="0"/><line number="512" hits="0"/><line number="513" hits="0"/><line number="517" hits="1"/><line number="519" hits="4"/><line number="521" hits="5"/><line number="522" hits="1"/><line number="524" hits="0"/><line number="525" hits="0"/><line number="531" hits="2"/><line number="533" hits="1"/><line number="534" hits="2"/><line number="535" hits="1"/><line number="536" hits="1"/><line number="537" hits="1"/><line number="543" hits="1"/><line number="545" hits="1"/><line number="548" hits="5"/><line number="550" hits="2"/><line number="552" hits="4"/><line number="555" hits="0"/><line number="556" hits="0"/><line number="558" hits="0"/><line number="559" hits="0"/><line number="562" hits="0"/><line number="564" hits="0"/><line number="567" hits="0"/><line number="569" hits="0"/><line number="572" hits="0"/><line number="574" hits="0"/><line number="578" hits="0"/><line number="580" hits="0"/><line number="582" hits="0"/><line number="583" hits="0"/><line number="584" hits="0"/><line number="587" hits="0"/><line number="588" hits="0"/><line number="589" hits="0"/><line number="591" hits="0"/><line number="597" hits="0"/><line number="599" hits="0"/><line number="603" hits="5"/><line number="605" hits="2"/><line number="607" hits="1"/><line number="609" hits="2"/><line number="610" hits="0"/><line number="612" hits="0"/><line number="615" hits="2"/><line number="618" hits="0"/><line number="621" hits="5"/><line number="623" hits="2"/><line number="625" hits="1"/><line number="626" hits="4"/><line number="628" hits="4"/><line number="631" hits="0"/><line number="635" hits="0"/><line number="636" hits="0"/><line number="637" hits="0"/><line number="641" hits="0"/><line number="644" hits="0"/><line number="647" hits="0"/><line number="649" hits="0"/><line number="650" hits="0"/><line number="654" hits="0"/><line number="655" hits="0"/><line number="656" hits="0"/><line number="657" hits="0"/><line number="662" hits="0"/><line number="665" hits="0"/><line number="668" hits="0"/><line number="673" hits="0"/><line number="675" hits="0"/><line number="679" hits="0"/><line number="680" hits="0"/><line number="686" hits="0"/><line number="689" hits="5"/><line number="691" hits="2"/><line number="693" hits="1"/><line number="694" hits="4"/><line number="696" hits="4"/><line number="700" hits="0"/><line number="702" hits="0"/><line number="704" hits="0"/><line number="705" hits="0"/><line number="706" hits="0"/><line number="707" hits="0"/><line number="712" hits="0"/><line number="713" hits="0"/><line number="714" hits="0"/><line number="718" hits="0"/><line number="721" hits="0"/><line number="723" hits="0"/></lines></class><class name="cli_notification_adapter" filename="src/adapters/cli_notification_adapter.rs" line-rate="1" branch-rate="0" complexity="0"><methods/><lines><line number="39" hits="9"/><line number="40" hits="2"/><line number="41" hits="1"/><line number="47" hits="1"/><line number="55" hits="1"/><line number="63" hits="2"/><line number="71" hits="1"/><line number="76" hits="2"/><line number="84" hits="1"/><line number="85" hits="2"/><line number="88" hits="2"/><line number="90" hits="1"/><line number="91" hits="2"/><line number="94" hits="1"/></lines></class><class name="file_session_repository" filename="src/adapters/file_session_repository.rs" line-rate="0.8901098901098901" branch-rate="0" complexity="0"><methods/><lines><line number="33" hits="0"/><line number="34" hits="0"/><line number="35" hits="0"/><line number="49" hits="10"/><line number="51" hits="8"/><line number="52" hits="11"/><line number="53" hits="3"/><line number="55" hits="3"/><line number="61" hits="0"/><line number="62" hits="0"/><line number="63" hits="0"/><line number="70" hits="2"/><line number="71" hits="4"/><line number="72" hits="6"/><line number="73" hits="8"/><line number="80" hits="2"/><line number="81" hits="2"/><line number="82" hits="1"/><line number="85" hits="4"/><line number="86" hits="2"/><line number="90" hits="5"/><line number="91" hits="4"/><line number="93" hits="1"/><line number="98" hits="2"/><line number="99" hits="4"/><line number="105" hits="12"/><line number="106" hits="9"/><line number="107" hits="0"/><line number="110" hits="12"/><line number="111" hits="6"/><line number="112" hits="12"/><line number="113" hits="6"/><line number="114" hits="6"/><line number="115" hits="3"/><line number="121" hits="2"/><line number="125" hits="8"/><line number="126" hits="17"/><line number="127" hits="17"/><line number="128" hits="4"/><line number="130" hits="7"/><line number="131" hits="2"/><line number="138" hits="10"/><line number="139" hits="7"/><line number="141" hits="2"/><line number="142" hits="2"/><line number="143" hits="2"/><line number="144" hits="3"/><line number="145" hits="3"/><line number="146" hits="3"/><line number="147" hits="6"/><line number="154" hits="14"/><line number="155" hits="3"/><line number="157" hits="5"/><line number="158" hits="3"/><line number="160" hits="12"/><line number="161" hits="12"/><line number="162" hits="2"/><line number="164" hits="2"/><line number="167" hits="18"/><line number="168" hits="8"/><line number="169" hits="0"/><line number="172" hits="4"/><line number="174" hits="6"/><line number="175" hits="2"/><line number="178" hits="10"/><line number="183" hits="13"/><line number="184" hits="4"/><line number="185" hits="0"/><line number="186" hits="0"/><line number="192" hits="8"/><line number="194" hits="2"/><line number="197" hits="16"/><line number="198" hits="9"/><line number="199" hits="3"/><line number="200" hits="9"/><line number="201" hits="2"/><line number="203" hits="2"/><line number="207" hits="12"/><line number="208" hits="6"/><line number="209" hits="2"/><line number="210" hits="8"/><line number="211" hits="8"/><line number="212" hits="2"/><line number="213" hits="2"/><line number="217" hits="2"/><line number="226" hits="2"/><line number="227" hits="3"/><line number="228" hits="5"/><line number="229" hits="4"/><line number="230" hits="3"/><line number="232" hits="4"/></lines></class><class name="mock_adapter" filename="src/adapters/mock_adapter.rs" line-rate="0.9176470588235294" branch-rate="0" complexity="0"><methods/><lines><line number="43" hits="6"/><line number="76" hits="6"/><line number="77" hits="6"/><line number="85" hits="9"/><line number="88" hits="14"/><line number="89" hits="28"/><line number="90" hits="29"/><line number="98" hits="7"/><line number="99" hits="6"/><line number="100" hits="7"/><line number="102" hits="19"/><line number="103" hits="13"/><line number="104" hits="6"/><line number="107" hits="34"/><line number="110" hits="18"/><line number="111" hits="2"/><line number="116" hits="9"/><line number="117" hits="23"/><line number="118" hits="0"/><line number="134" hits="9"/><line number="135" hits="9"/><line number="137" hits="18"/><line number="138" hits="9"/><line number="140" hits="10"/><line number="141" hits="2"/><line number="144" hits="9"/><line number="145" hits="16"/><line number="147" hits="9"/><line number="148" hits="9"/><line number="150" hits="18"/><line number="151" hits="9"/><line number="152" hits="15"/><line number="153" hits="8"/><line number="155" hits="7"/><line number="156" hits="8"/><line number="159" hits="7"/><line number="164" hits="0"/><line number="165" hits="0"/><line number="171" hits="66"/><line number="172" hits="20"/><line number="175" hits="34"/><line number="176" hits="11"/><line number="177" hits="10"/><line number="178" hits="22"/><line number="181" hits="13"/><line number="182" hits="12"/><line number="183" hits="27"/><line number="188" hits="13"/><line number="190" hits="14"/><line number="193" hits="0"/><line number="194" hits="0"/><line number="195" hits="0"/><line number="198" hits="64"/><line number="199" hits="31"/><line number="202" hits="58"/><line number="203" hits="26"/><line number="206" hits="23"/><line number="207" hits="48"/><line number="209" hits="13"/><line number="210" hits="2"/><line number="214" hits="30"/><line number="216" hits="7"/><line number="217" hits="7"/><line number="219" hits="9"/><line number="220" hits="7"/><line number="223" hits="30"/><line number="224" hits="10"/><line number="226" hits="5"/><line number="227" hits="2"/><line number="230" hits="10"/><line number="232" hits="6"/><line number="233" hits="5"/><line number="236" hits="37"/><line number="237" hits="12"/><line number="238" hits="1"/><line number="241" hits="6"/><line number="244" hits="12"/><line number="247" hits="6"/><line number="249" hits="7"/><line number="252" hits="10"/><line number="253" hits="4"/><line number="254" hits="0"/><line number="257" hits="1"/><line number="260" hits="5"/><line number="262" hits="1"/></lines></class><class name="mock_notification_adapter" filename="src/adapters/mock_notification_adapter.rs" line-rate="0.8461538461538461" branch-rate="0" complexity="0"><methods/><lines><line number="49" hits="1"/><line number="51" hits="1"/><line number="59" hits="4"/><line number="60" hits="3"/><line number="66" hits="4"/><line number="67" hits="2"/><line number="73" hits="4"/><line number="74" hits="3"/><line number="79" hits="0"/><line number="80" hits="0"/><line number="86" hits="5"/><line number="87" hits="2"/><line number="88" hits="1"/></lines></class></classes></package><package name="src" line-rate="0.5637998875772906" branch-rate="0" complexity="0"><classes><class name="api" filename="src/api.rs" line-rate="0.11326860841423948" branch-rate="0" complexity="0"><methods/><lines><line number="140" hits="0"/><line number="142" hits="0"/><line number="143" hits="0"/><line number="149" hits="0"/><line number="150" hits="0"/><line number="151" hits="0"/><line number="153" hits="0"/><line number="154" hits="0"/><line number="158" hits="0"/><line number="159" hits="0"/><line number="160" hits="0"/><line number="161" hits="0"/><line number="172" hits="0"/><line number="173" hits="0"/><line number="177" hits="0"/><line number="178" hits="0"/><line number="179" hits="0"/><line number="181" hits="0"/><line number="182" hits="0"/><line number="183" hits="0"/><line number="184" hits="0"/><line number="186" hits="0"/><line number="187" hits="0"/><line number="188" hits="0"/><line number="190" hits="0"/><line number="191" hits="0"/><line number="193" hits="0"/><line number="194" hits="0"/><line number="197" hits="0"/><line number="200" hits="0"/><line number="201" hits="0"/><line number="202" hits="0"/><line number="203" hits="0"/><line number="213" hits="0"/><line number="223" hits="0"/><line number="231" hits="0"/><line number="232" hits="0"/><line number="257" hits="0"/><line number="258" hits="0"/><line number="259" hits="0"/><line number="261" hits="0"/><line number="262" hits="0"/><line number="263" hits="0"/><line number="264" hits="0"/><line number="266" hits="0"/><line number="269" hits="0"/><line number="270" hits="0"/><line number="272" hits="0"/><line number="275" hits="0"/><line number="358" hits="0"/><line number="360" hits="0"/><line number="361" hits="0"/><line number="363" hits="0"/><line number="364" hits="0"/><line number="367" hits="0"/><line number="387" hits="0"/><line number="388" hits="0"/><line number="389" hits="0"/><line number="396" hits="0"/><line number="401" hits="0"/><line number="402" hits="0"/><line number="404" hits="0"/><line number="436" hits="0"/><line number="437" hits="0"/><line number="440" hits="0"/><line number="441" hits="0"/><line number="442" hits="0"/><line number="445" hits="0"/><line number="446" hits="0"/><line number="448" hits="0"/><line number="449" hits="0"/><line number="451" hits="0"/><line number="452" hits="0"/><line number="465" hits="1"/><line number="467" hits="1"/><line number="468" hits="0"/><line number="469" hits="0"/><line number="470" hits="0"/><line number="476" hits="1"/><line number="477" hits="0"/><line number="483" hits="2"/><line number="501" hits="0"/><line number="502" hits="0"/><line number="505" hits="0"/><line number="506" hits="0"/><line number="507" hits="0"/><line number="508" hits="0"/><line number="509" hits="0"/><line number="511" hits="0"/><line number="512" hits="0"/><line number="513" hits="0"/><line number="518" hits="0"/><line number="519" hits="0"/><line number="520" hits="0"/><line number="521" hits="0"/><line number="523" hits="0"/><line number="526" hits="0"/><line number="529" hits="0"/><line number="530" hits="0"/><line number="531" hits="0"/><line number="532" hits="0"/><line number="534" hits="0"/><line number="552" hits="0"/><line number="553" hits="0"/><line number="556" hits="0"/><line number="557" hits="0"/><line number="558" hits="0"/><line number="559" hits="0"/><line number="565" hits="0"/><line number="566" hits="0"/><line number="569" hits="0"/><line number="570" hits="0"/><line number="579" hits="0"/><line number="582" hits="0"/><line number="585" hits="0"/><line number="588" hits="0"/><line number="589" hits="0"/><line number="593" hits="0"/><line number="596" hits="0"/><line number="599" hits="0"/><line number="602" hits="0"/><line number="603" hits="0"/><line number="607" hits="0"/><line number="610" hits="0"/><line number="612" hits="0"/><line number="613" hits="0"/><line number="615" hits="0"/><line number="618" hits="0"/><line number="619" hits="0"/><line number="620" hits="0"/><line number="621" hits="0"/><line number="624" hits="0"/><line number="625" hits="0"/><line number="626" hits="0"/><line number="628" hits="0"/><line number="629" hits="0"/><line number="631" hits="0"/><line number="633" hits="0"/><line number="634" hits="0"/><line number="635" hits="0"/><line number="638" hits="0"/><line number="639" hits="0"/><line number="640" hits="0"/><line number="643" hits="0"/><line number="644" hits="0"/><line number="647" hits="0"/><line number="650" hits="0"/><line number="652" hits="0"/><line number="653" hits="0"/><line number="659" hits="0"/><line number="662" hits="0"/><line number="664" hits="0"/><line number="666" hits="0"/><line number="668" hits="0"/><line number="670" hits="0"/><line number="671" hits="0"/><line number="673" hits="0"/><line number="677" hits="0"/><line number="678" hits="0"/><line number="681" hits="0"/><line number="683" hits="0"/><line number="687" hits="0"/><line number="692" hits="0"/><line number="693" hits="0"/><line number="694" hits="0"/><line number="695" hits="0"/><line number="696" hits="0"/><line number="697" hits="0"/><line number="699" hits="0"/><line number="700" hits="0"/><line number="701" hits="0"/><line number="702" hits="0"/><line number="704" hits="0"/><line number="708" hits="0"/><line number="709" hits="0"/><line number="710" hits="0"/><line number="711" hits="0"/><line number="715" hits="0"/><line number="718" hits="0"/><line number="719" hits="0"/><line number="720" hits="0"/><line number="724" hits="0"/><line number="725" hits="0"/><line number="726" hits="0"/><line number="727" hits="0"/><line number="730" hits="0"/><line number="731" hits="0"/><line number="733" hits="0"/><line number="734" hits="0"/><line number="740" hits="0"/><line number="741" hits="0"/><line number="743" hits="0"/><line number="744" hits="0"/><line number="749" hits="0"/><line number="754" hits="0"/><line number="755" hits="0"/><line number="760" hits="0"/><line number="761" hits="0"/><line number="763" hits="0"/><line number="768" hits="0"/><line number="770" hits="0"/><line number="772" hits="0"/><line number="773" hits="0"/><line number="774" hits="0"/><line number="778" hits="0"/><line number="779" hits="0"/><line number="780" hits="0"/><line number="797" hits="4"/><line number="798" hits="2"/><line number="801" hits="2"/><line number="802" hits="1"/><line number="805" hits="2"/><line number="806" hits="2"/><line number="812" hits="2"/><line number="813" hits="1"/><line number="815" hits="1"/><line number="816" hits="1"/><line number="819" hits="1"/><line number="820" hits="2"/><line number="821" hits="2"/><line number="828" hits="2"/><line number="829" hits="1"/><line number="831" hits="1"/><line number="837" hits="2"/><line number="838" hits="2"/><line number="852" hits="0"/><line number="870" hits="0"/><line number="871" hits="0"/><line number="872" hits="0"/><line number="873" hits="0"/><line number="874" hits="0"/><line number="889" hits="1"/><line number="891" hits="1"/><line number="892" hits="1"/><line number="899" hits="1"/><line number="904" hits="2"/><line number="905" hits="1"/><line number="906" hits="1"/><line number="932" hits="1"/><line number="933" hits="1"/><line number="934" hits="2"/><line number="940" hits="0"/><line number="941" hits="0"/><line number="945" hits="0"/><line number="946" hits="0"/><line number="950" hits="0"/><line number="951" hits="0"/><line number="960" hits="0"/><line number="961" hits="0"/><line number="965" hits="0"/><line number="966" hits="0"/><line number="970" hits="0"/><line number="971" hits="0"/><line number="981" hits="0"/><line number="982" hits="0"/><line number="995" hits="0"/><line number="996" hits="0"/><line number="999" hits="0"/><line number="1000" hits="0"/><line number="1001" hits="0"/><line number="1002" hits="0"/><line number="1003" hits="0"/><line number="1011" hits="0"/><line number="1022" hits="0"/><line number="1024" hits="0"/><line number="1041" hits="0"/><line number="1042" hits="0"/><line number="1043" hits="0"/><line number="1044" hits="0"/><line number="1045" hits="0"/><line number="1060" hits="0"/><line number="1062" hits="0"/><line number="1063" hits="0"/><line number="1070" hits="0"/><line number="1075" hits="0"/><line number="1076" hits="0"/><line number="1077" hits="0"/><line number="1103" hits="0"/><line number="1104" hits="0"/><line number="1105" hits="0"/><line number="1132" hits="0"/><line number="1133" hits="0"/><line number="1134" hits="0"/><line number="1135" hits="0"/><line number="1136" hits="0"/><line number="1151" hits="0"/><line number="1152" hits="0"/><line number="1153" hits="0"/><line number="1160" hits="0"/><line number="1165" hits="0"/><line number="1166" hits="0"/><line number="1167" hits="0"/><line number="1185" hits="0"/><line number="1186" hits="0"/><line number="1187" hits="0"/><line number="1198" hits="0"/><line number="1199" hits="0"/><line number="1202" hits="0"/><line number="1203" hits="0"/><line number="1204" hits="0"/><line number="1208" hits="0"/><line number="1238" hits="0"/><line number="1239" hits="0"/><line number="1240" hits="0"/><line number="1241" hits="0"/><line number="1242" hits="0"/><line number="1257" hits="0"/><line number="1258" hits="0"/><line number="1259" hits="0"/><line number="1266" hits="1"/><line number="1271" hits="2"/><line number="1272" hits="1"/><line number="1273" hits="1"/><line number="1304" hits="1"/><line number="1305" hits="2"/><line number="1306" hits="2"/><line number="1310" hits="0"/><line number="1311" hits="0"/><line number="1315" hits="0"/><line number="1316" hits="0"/><line number="1320" hits="0"/><line number="1321" hits="0"/><line number="1325" hits="0"/><line number="1326" hits="0"/><line number="1330" hits="0"/><line number="1331" hits="0"/><line number="1336" hits="0"/><line number="1337" hits="0"/><line number="1338" hits="0"/><line number="1339" hits="0"/><line number="1345" hits="0"/><line number="1346" hits="0"/><line number="1347" hits="0"/><line number="1348" hits="0"/><line number="1354" hits="0"/><line number="1355" hits="0"/><line number="1356" hits="0"/><line number="1357" hits="0"/><line number="1363" hits="0"/><line number="1364" hits="0"/><line number="1365" hits="0"/><line number="1366" hits="0"/><line number="1371" hits="0"/><line number="1372" hits="0"/><line number="1373" hits="0"/><line number="1374" hits="0"/><line number="1375" hits="0"/><line number="1376" hits="0"/><line number="1380" hits="0"/><line number="1381" hits="0"/><line number="1396" hits="4"/><line number="1397" hits="4"/><line number="1398" hits="1"/><line number="1400" hits="2"/><line number="1401" hits="2"/><line number="1405" hits="2"/><line number="1406" hits="2"/><line number="1407" hits="2"/><line number="1408" hits="3"/><line number="1409" hits="1"/><line number="1410" hits="1"/><line number="1427" hits="4"/><line number="1428" hits="2"/><line number="1429" hits="2"/><line number="1430" hits="3"/><line number="1431" hits="2"/><line number="1432" hits="1"/><line number="1452" hits="4"/><line number="1453" hits="2"/><line number="1454" hits="2"/><line number="1455" hits="3"/><line number="1457" hits="2"/><line number="1458" hits="2"/><line number="1460" hits="2"/><line number="1463" hits="1"/><line number="1478" hits="4"/><line number="1479" hits="2"/><line number="1480" hits="2"/><line number="1481" hits="3"/><line number="1482" hits="1"/><line number="1483" hits="1"/><line number="1518" hits="0"/><line number="1519" hits="0"/><line number="1521" hits="0"/><line number="1522" hits="0"/><line number="1523" hits="0"/><line number="1524" hits="0"/><line number="1525" hits="0"/><line number="1527" hits="0"/><line number="1528" hits="0"/><line number="1529" hits="0"/><line number="1530" hits="0"/><line number="1533" hits="0"/><line number="1539" hits="0"/><line number="1545" hits="0"/><line number="1546" hits="0"/><line number="1550" hits="0"/><line number="1551" hits="0"/><line number="1555" hits="0"/><line number="1556" hits="0"/><line number="1560" hits="0"/><line number="1561" hits="0"/><line number="1565" hits="0"/><line number="1566" hits="0"/><line number="1570" hits="0"/><line number="1571" hits="0"/><line number="1577" hits="0"/><line number="1578" hits="0"/><line number="1582" hits="0"/><line number="1583" hits="0"/><line number="1587" hits="0"/><line number="1588" hits="0"/><line number="1592" hits="0"/><line number="1593" hits="0"/><line number="1597" hits="0"/><line number="1598" hits="0"/><line number="1602" hits="0"/><line number="1603" hits="0"/><line number="1607" hits="0"/><line number="1608" hits="0"/><line number="1612" hits="0"/><line number="1613" hits="0"/><line number="1617" hits="0"/><line number="1618" hits="0"/><line number="1622" hits="0"/><line number="1623" hits="0"/><line number="1628" hits="0"/><line number="1629" hits="0"/><line number="1633" hits="0"/><line number="1634" hits="0"/><line number="1639" hits="0"/><line number="1640" hits="0"/><line number="1642" hits="0"/><line number="1643" hits="0"/><line number="1664" hits="0"/><line number="1665" hits="0"/><line number="1668" hits="0"/><line number="1669" hits="0"/><line number="1672" hits="0"/><line number="1673" hits="0"/><line number="1674" hits="0"/><line number="1678" hits="0"/><line number="1680" hits="0"/><line number="1681" hits="0"/><line number="1682" hits="0"/><line number="1684" hits="0"/><line number="1685" hits="0"/><line number="1686" hits="0"/><line number="1692" hits="0"/><line number="1694" hits="0"/><line number="1695" hits="0"/><line number="1701" hits="0"/><line number="1702" hits="0"/><line number="1703" hits="0"/><line number="1704" hits="0"/><line number="1706" hits="0"/><line number="1707" hits="0"/><line number="1713" hits="0"/><line number="1714" hits="0"/><line number="1716" hits="0"/><line number="1723" hits="0"/><line number="1724" hits="0"/><line number="1725" hits="0"/><line number="1728" hits="0"/><line number="1729" hits="0"/><line number="1732" hits="0"/><line number="1733" hits="0"/><line number="1734" hits="0"/><line number="1736" hits="0"/><line number="1737" hits="0"/><line number="1757" hits="0"/><line number="1762" hits="0"/><line number="1763" hits="0"/><line number="1766" hits="0"/><line number="1767" hits="0"/><line number="1768" hits="0"/><line number="1772" hits="0"/><line number="1775" hits="0"/><line number="1778" hits="0"/><line number="1779" hits="0"/><line number="1782" hits="0"/><line number="1786" hits="0"/><line number="1787" hits="0"/><line number="1807" hits="0"/><line number="1810" hits="0"/><line number="1811" hits="0"/><line number="1815" hits="0"/><line number="1816" hits="0"/><line number="1836" hits="0"/><line number="1839" hits="0"/><line number="1840" hits="0"/><line number="1843" hits="0"/><line number="1844" hits="0"/><line number="1847" hits="0"/><line number="1850" hits="0"/><line number="1851" hits="0"/><line number="1852" hits="0"/><line number="1855" hits="0"/><line number="1857" hits="0"/><line number="1858" hits="0"/><line number="1861" hits="0"/><line number="1865" hits="0"/><line number="1866" hits="0"/><line number="1869" hits="0"/><line number="1873" hits="0"/><line number="1875" hits="0"/><line number="1878" hits="0"/><line number="1879" hits="0"/><line number="1883" hits="0"/><line number="1884" hits="0"/><line number="1890" hits="0"/><line number="1893" hits="0"/><line number="1894" hits="0"/><line number="1898" hits="0"/><line number="1899" hits="0"/><line number="1905" hits="0"/><line number="1908" hits="0"/><line number="1909" hits="0"/><line number="1911" hits="0"/><line number="1912" hits="0"/><line number="1921" hits="0"/><line number="1922" hits="0"/><line number="1945" hits="0"/><line number="1946" hits="0"/><line number="1949" hits="0"/><line number="1952" hits="0"/><line number="1953" hits="0"/><line number="1956" hits="0"/><line number="1957" hits="0"/><line number="1960" hits="0"/><line number="1963" hits="0"/><line number="1966" hits="0"/><line number="1969" hits="0"/><line number="1972" hits="0"/><line number="1973" hits="0"/><line number="1974" hits="0"/><line number="1976" hits="0"/><line number="1980" hits="0"/><line number="1981" hits="0"/><line number="1982" hits="0"/><line number="1984" hits="0"/><line number="1987" hits="0"/><line number="1999" hits="0"/><line number="2000" hits="0"/><line number="2002" hits="0"/><line number="2003" hits="0"/><line number="2005" hits="0"/><line number="2006" hits="0"/><line number="2007" hits="0"/><line number="2008" hits="0"/><line number="2010" hits="0"/><line number="2022" hits="0"/><line number="2023" hits="0"/><line number="2025" hits="0"/><line number="2026" hits="0"/><line number="2028" hits="0"/><line number="2029" hits="0"/><line number="2030" hits="0"/><line number="2031" hits="0"/><line number="2033" hits="0"/><line number="2045" hits="0"/><line number="2046" hits="0"/><line number="2048" hits="0"/><line number="2049" hits="0"/><line number="2051" hits="0"/><line number="2052" hits="0"/><line number="2053" hits="0"/><line number="2054" hits="0"/><line number="2056" hits="0"/><line number="2063" hits="0"/><line number="2064" hits="0"/><line number="2068" hits="0"/><line number="2069" hits="0"/><line number="2073" hits="0"/><line number="2074" hits="0"/><line number="2078" hits="0"/><line number="2079" hits="0"/><line number="2083" hits="0"/><line number="2084" hits="0"/><line number="2088" hits="0"/><line number="2089" hits="0"/><line number="2093" hits="0"/><line number="2094" hits="0"/><line number="2100" hits="0"/><line number="2101" hits="0"/><line number="2105" hits="0"/><line number="2106" hits="0"/><line number="2110" hits="0"/><line number="2111" hits="0"/><line number="2115" hits="0"/><line number="2116" hits="0"/><line number="2120" hits="0"/><line number="2121" hits="0"/><line number="2127" hits="0"/><line number="2128" hits="0"/><line number="2132" hits="0"/><line number="2133" hits="0"/><line number="2137" hits="0"/><line number="2138" hits="0"/><line number="2142" hits="0"/><line number="2143" hits="0"/><line number="2147" hits="0"/><line number="2148" hits="0"/><line number="2149" hits="0"/><line number="2150" hits="0"/><line number="2151" hits="0"/><line number="2152" hits="0"/><line number="2159" hits="0"/><line number="2160" hits="0"/><line number="2164" hits="0"/><line number="2165" hits="0"/><line number="2169" hits="0"/><line number="2170" hits="0"/><line number="2174" hits="0"/><line number="2175" hits="0"/><line number="2176" hits="0"/><line number="2177" hits="0"/><line number="2178" hits="0"/></lines></class></classes></package><package name="src/domain" line-rate="1" branch-rate="0" complexity="0"><classes><class name="battery" filename="src/domain/battery.rs" line-rate="1" branch-rate="0" complexity="0"><methods/><lines><line number="58" hits="1"/><line number="59" hits="1"/><line number="60" hits="1"/><line number="61" hits="1"/></lines></class><class name="export" filename="src/domain/export.rs" line-rate="1" branch-rate="0" complexity="0"><methods/><lines><line number="43" hits="1"/><line number="44" hits="1"/><line number="46" hits="2"/><line number="47" hits="1"/><line number="49" hits="1"/><line number="52" hits="2"/><line number="53" hits="2"/><line number="54" hits="1"/><line number="55" hits="1"/><line number="56" hits="1"/><line number="57" hits="1"/><line number="58" hits="1"/><line number="59" hits="1"/><line number="60" hits="1"/><line number="63" hits="2"/><line number="65" hits="1"/><line number="71" hits="1"/><line number="106" hits="1"/><line number="107" hits="1"/><line number="143" hits="1"/><line number="144" hits="1"/><line number="147" hits="1"/><line number="148" hits="1"/><line number="151" hits="1"/><line number="152" hits="2"/><line number="154" hits="1"/><line number="156" hits="2"/><line number="158" hits="1"/><line number="159" hits="1"/><line number="161" hits="1"/><line number="164" hits="1"/><line number="165" hits="1"/><line number="166" hits="1"/><line number="167" hits="1"/><line number="168" hits="1"/><line number="171" hits="1"/><line number="172" hits="1"/><line number="174" hits="1"/><line number="175" hits="1"/><line number="183" hits="1"/><line number="184" hits="2"/><line number="185" hits="1"/><line number="187" hits="1"/><line number="190" hits="3"/><line number="192" hits="1"/><line number="193" hits="2"/><line number="194" hits="1"/><line number="199" hits="1"/></lines></class><class name="filters" filename="src/domain/filters.rs" line-rate="1" branch-rate="0" complexity="0"><methods/><lines><line number="42" hits="4"/><line number="43" hits="4"/><line number="79" hits="7"/><line number="80" hits="51"/><line number="81" hits="14"/><line number="82" hits="16"/><line number="83" hits="14"/><line number="84" hits="16"/><line number="85" hits="14"/><line number="86" hits="16"/><line number="113" hits="5"/><line number="115" hits="6"/><line number="119" hits="6"/><line number="123" hits="7"/><line number="157" hits="3"/><line number="158" hits="3"/><line number="160" hits="7"/><line number="162" hits="4"/><line number="165" hits="6"/><line number="202" hits="2"/><line number="205" hits="2"/><line number="214" hits="7"/><line number="215" hits="7"/></lines></class><class name="heart_rate" filename="src/domain/heart_rate.rs" line-rate="1" branch-rate="0" complexity="0"><methods/><lines><line number="30" hits="1"/><line number="31" hits="3"/><line number="32" hits="1"/><line number="33" hits="1"/><line number="34" hits="2"/><line number="35" hits="1"/><line number="36" hits="1"/><line number="76" hits="1"/><line number="77" hits="4"/><line number="81" hits="2"/><line number="82" hits="2"/><line number="209" hits="6"/><line number="213" hits="6"/><line number="214" hits="2"/><line number="217" hits="14"/><line number="218" hits="9"/><line number="221" hits="8"/><line number="224" hits="19"/><line number="225" hits="2"/><line number="226" hits="1"/><line number="228" hits="2"/><line number="229" hits="2"/><line number="230" hits="1"/><line number="232" hits="15"/><line number="233" hits="18"/><line number="234" hits="9"/><line number="240" hits="8"/><line number="241" hits="8"/><line number="244" hits="8"/><line number="245" hits="10"/><line number="247" hits="1"/><line number="248" hits="1"/><line number="250" hits="3"/><line number="254" hits="8"/><line number="255" hits="7"/><line number="257" hits="8"/><line number="259" hits="16"/><line number="260" hits="9"/><line number="264" hits="8"/><line number="265" hits="9"/><line number="266" hits="8"/><line number="270" hits="8"/><line number="271" hits="8"/><line number="272" hits="8"/></lines></class><class name="hrv" filename="src/domain/hrv.rs" line-rate="1" branch-rate="0" complexity="0"><methods/><lines><line number="45" hits="4"/><line number="47" hits="3"/><line number="48" hits="1"/><line number="55" hits="10"/><line number="63" hits="7"/><line number="64" hits="9"/><line number="65" hits="2"/><line number="71" hits="7"/><line number="73" hits="7"/><line number="74" hits="3"/><line number="75" hits="3"/><line number="79" hits="3"/><line number="80" hits="7"/><line number="82" hits="4"/><line number="110" hits="1"/><line number="112" hits="1"/><line number="113" hits="1"/><line number="119" hits="3"/><line number="126" hits="2"/><line number="127" hits="2"/><line number="128" hits="1"/><line number="134" hits="1"/><line number="135" hits="1"/><line number="136" hits="3"/><line number="137" hits="1"/><line number="139" hits="1"/></lines></class><class name="reconnection" filename="src/domain/reconnection.rs" line-rate="1" branch-rate="0" complexity="0"><methods/><lines><line number="39" hits="7"/><line number="42" hits="7"/><line number="44" hits="7"/><line number="77" hits="1"/><line number="78" hits="1"/><line number="79" hits="1"/><line number="83" hits="2"/><line number="84" hits="1"/><line number="85" hits="1"/><line number="88" hits="3"/><line number="89" hits="1"/><line number="91" hits="1"/></lines></class><class name="session_history" filename="src/domain/session_history.rs" line-rate="1" branch-rate="0" complexity="0"><methods/><lines><line number="110" hits="1"/><line number="111" hits="1"/><line number="112" hits="1"/><line number="117" hits="1"/><line number="118" hits="1"/><line number="128" hits="2"/><line number="129" hits="4"/><line number="130" hits="2"/><line number="139" hits="6"/><line number="140" hits="4"/><line number="141" hits="6"/><line number="142" hits="6"/></lines></class><class name="session_progress" filename="src/domain/session_progress.rs" line-rate="1" branch-rate="0" complexity="0"><methods/><lines><line number="92" hits="1"/><line number="93" hits="2"/><line number="97" hits="1"/><line number="98" hits="1"/><line number="99" hits="2"/><line number="100" hits="1"/><line number="102" hits="1"/><line number="108" hits="1"/><line number="109" hits="1"/><line number="113" hits="1"/><line number="114" hits="2"/><line number="115" hits="2"/><line number="116" hits="1"/><line number="118" hits="1"/></lines></class><class name="training_plan" filename="src/domain/training_plan.rs" line-rate="1" branch-rate="0" complexity="0"><methods/><lines><line number="132" hits="1"/><line number="133" hits="1"/><line number="134" hits="1"/><line number="137" hits="1"/><line number="140" hits="2"/><line number="141" hits="2"/><line number="142" hits="2"/><line number="143" hits="2"/><line number="144" hits="2"/><line number="145" hits="1"/><line number="191" hits="1"/><line number="192" hits="1"/><line number="193" hits="1"/><line number="196" hits="3"/><line number="197" hits="2"/><line number="198" hits="1"/><line number="201" hits="2"/><line number="202" hits="3"/><line number="203" hits="1"/><line number="207" hits="1"/><line number="208" hits="1"/><line number="209" hits="1"/><line number="219" hits="2"/></lines></class></classes></package><package name="src/scheduler" line-rate="0.7818181818181819" branch-rate="0" complexity="0"><classes><class name="executor" filename="src/scheduler/executor.rs" line-rate="0.7818181818181819" branch-rate="0" complexity="0"><methods/><lines><line number="116" hits="3"/><line number="118" hits="4"/><line number="124" hits="4"/><line number="126" hits="4"/><line number="127" hits="4"/><line number="130" hits="4"/><line number="140" hits="1"/><line number="145" hits="2"/><line number="149" hits="1"/><line number="151" hits="2"/><line number="153" hits="2"/><line number="154" hits="2"/><line number="157" hits="2"/><line number="161" hits="3"/><line number="163" hits="1"/><line number="172" hits="1"/><line number="177" hits="2"/><line number="180" hits="1"/><line number="183" hits="2"/><line number="185" hits="2"/><line number="186" hits="2"/><line number="189" hits="2"/><line number="198" hits="1"/><line number="199" hits="2"/><line number="200" hits="1"/><line number="208" hits="1"/><line number="209" hits="2"/><line number="210" hits="1"/><line number="223" hits="2"/><line number="227" hits="4"/><line number="228" hits="2"/><line number="234" hits="4"/><line number="235" hits="1"/><line number="236" hits="1"/><line number="237" hits="0"/><line number="240" hits="2"/><line number="241" hits="1"/><line number="245" hits="4"/><line number="246" hits="4"/><line number="248" hits="2"/><line number="252" hits="2"/><line number="255" hits="2"/><line number="258" hits="1"/><line number="259" hits="0"/><line number="263" hits="2"/><line number="266" hits="2"/><line number="270" hits="1"/><line number="271" hits="0"/><line number="274" hits="1"/><line number="279" hits="0"/><line number="280" hits="0"/><line number="281" hits="0"/><line number="282" hits="0"/><line number="285" hits="0"/><line number="288" hits="0"/><line number="289" hits="0"/><line number="294" hits="0"/><line number="295" hits="0"/><line number="300" hits="0"/><line number="301" hits="0"/><line number="305" hits="0"/><line number="306" hits="0"/><line number="307" hits="0"/><line number="312" hits="0"/><line number="313" hits="0"/><line number="319" hits="0"/><line number="324" hits="0"/><line number="328" hits="0"/><line number="329" hits="0"/><line number="330" hits="0"/><line number="334" hits="0"/><line number="335" hits="0"/><line number="338" hits="0"/><line number="343" hits="0"/><line number="344" hits="0"/><line number="345" hits="0"/><line number="346" hits="0"/><line number="349" hits="0"/><line number="350" hits="0"/><line number="351" hits="0"/><line number="355" hits="0"/><line number="371" hits="8"/><line number="373" hits="5"/><line number="374" hits="0"/><line number="379" hits="7"/><line number="380" hits="6"/><line number="382" hits="2"/><line number="383" hits="1"/><line number="390" hits="4"/><line number="391" hits="5"/><line number="394" hits="1"/><line number="395" hits="5"/><line number="400" hits="4"/><line number="401" hits="5"/><line number="405" hits="5"/><line number="406" hits="5"/><line number="407" hits="7"/><line number="408" hits="4"/><line number="409" hits="5"/><line number="410" hits="6"/><line number="411" hits="6"/><line number="412" hits="6"/><line number="413" hits="6"/><line number="414" hits="6"/><line number="417" hits="8"/><line number="418" hits="4"/><line number="420" hits="10"/><line number="421" hits="6"/><line number="422" hits="7"/><line number="423" hits="1"/><line number="426" hits="5"/><line number="429" hits="1"/><line number="430" hits="1"/><line number="431" hits="1"/><line number="432" hits="1"/><line number="435" hits="2"/><line number="436" hits="2"/><line number="437" hits="1"/><line number="438" hits="1"/><line number="444" hits="2"/><line number="445" hits="2"/><line number="449" hits="1"/><line number="450" hits="0"/><line number="451" hits="0"/><line number="452" hits="0"/><line number="454" hits="0"/><line number="455" hits="0"/><line number="456" hits="0"/><line number="458" hits="0"/><line number="460" hits="0"/><line number="461" hits="0"/><line number="462" hits="0"/><line number="463" hits="0"/><line number="464" hits="0"/><line number="467" hits="0"/><line number="483" hits="0"/><line number="484" hits="0"/><line number="491" hits="3"/><line number="492" hits="2"/><line number="493" hits="2"/><line number="494" hits="2"/><line number="495" hits="2"/><line number="500" hits="6"/><line number="501" hits="4"/><line number="504" hits="2"/><line number="507" hits="4"/><line number="508" hits="4"/><line number="512" hits="4"/><line number="513" hits="4"/><line number="519" hits="3"/><line number="520" hits="2"/><line number="523" hits="1"/><line number="525" hits="2"/><line number="526" hits="2"/><line number="529" hits="1"/><line number="533" hits="2"/><line number="534" hits="2"/><line number="537" hits="2"/><line number="538" hits="2"/><line number="557" hits="0"/><line number="566" hits="3"/><line number="567" hits="2"/><line number="570" hits="2"/><line number="571" hits="1"/><line number="579" hits="1"/><line number="580" hits="3"/><line number="582" hits="1"/><line number="587" hits="3"/><line number="588" hits="3"/><line number="589" hits="1"/><line number="591" hits="2"/><line number="594" hits="1"/><line number="596" hits="1"/><line number="597" hits="1"/><line number="599" hits="4"/><line number="600" hits="1"/><line number="601" hits="1"/><line number="602" hits="1"/><line number="605" hits="0"/><line number="606" hits="0"/><line number="607" hits="0"/><line number="608" hits="0"/><line number="609" hits="0"/><line number="613" hits="0"/><line number="616" hits="2"/><line number="617" hits="1"/><line number="619" hits="1"/><line number="620" hits="4"/><line number="622" hits="5"/><line number="630" hits="1"/><line number="631" hits="2"/><line number="632" hits="3"/><line number="633" hits="1"/><line number="634" hits="1"/><line number="637" hits="2"/><line number="640" hits="1"/><line number="641" hits="1"/><line number="642" hits="2"/><line number="643" hits="1"/><line number="644" hits="0"/><line number="646" hits="1"/><line number="647" hits="0"/><line number="649" hits="1"/><line number="651" hits="1"/><line number="655" hits="1"/><line number="658" hits="1"/><line number="659" hits="1"/><line number="660" hits="1"/><line number="661" hits="1"/><line number="662" hits="1"/><line number="664" hits="1"/><line number="670" hits="3"/><line number="675" hits="3"/><line number="676" hits="3"/><line number="677" hits="3"/><line number="682" hits="6"/><line number="684" hits="2"/><line number="691" hits="4"/><line number="694" hits="2"/><line number="695" hits="2"/><line number="698" hits="1"/><line number="699" hits="2"/><line number="707" hits="4"/><line number="710" hits="2"/><line number="711" hits="2"/><line number="714" hits="1"/><line number="715" hits="2"/><line number="722" hits="4"/><line number="724" hits="3"/><line number="728" hits="1"/><line number="729" hits="2"/><line number="733" hits="1"/><line number="734" hits="1"/><line number="743" hits="4"/><line number="744" hits="3"/><line number="745" hits="2"/><line number="746" hits="3"/><line number="747" hits="1"/><line number="748" hits="1"/><line number="751" hits="2"/><line number="754" hits="1"/><line number="755" hits="1"/><line number="756" hits="3"/><line number="757" hits="1"/><line number="759" hits="0"/><line number="761" hits="1"/><line number="764" hits="3"/><line number="765" hits="1"/><line number="766" hits="1"/><line number="770" hits="2"/><line number="774" hits="1"/><line number="785" hits="3"/><line number="794" hits="4"/><line number="795" hits="2"/><line number="796" hits="2"/><line number="802" hits="4"/><line number="803" hits="2"/><line number="804" hits="2"/><line number="828" hits="4"/><line number="830" hits="3"/><line number="831" hits="4"/><line number="832" hits="3"/><line number="834" hits="2"/><line number="835" hits="1"/><line number="838" hits="3"/><line number="845" hits="2"/><line number="846" hits="2"/><line number="847" hits="2"/><line number="848" hits="2"/><line number="851" hits="5"/><line number="852" hits="2"/><line number="853" hits="2"/><line number="854" hits="2"/><line number="855" hits="2"/><line number="857" hits="4"/><line number="859" hits="2"/><line number="860" hits="1"/><line number="861" hits="1"/><line number="864" hits="2"/><line number="865" hits="2"/><line number="869" hits="4"/><line number="870" hits="2"/><line number="871" hits="1"/><line number="873" hits="3"/><line number="876" hits="2"/><line number="877" hits="1"/><line number="878" hits="3"/><line number="879" hits="2"/><line number="881" hits="0"/><line number="882" hits="0"/><line number="884" hits="0"/><line number="885" hits="0"/><line number="894" hits="4"/><line number="895" hits="1"/><line number="896" hits="4"/><line number="899" hits="1"/><line number="906" hits="1"/><line number="909" hits="2"/><line number="912" hits="2"/><line number="913" hits="1"/><line number="914" hits="0"/><line number="915" hits="0"/><line number="916" hits="0"/><line number="920" hits="2"/><line number="921" hits="1"/><line number="924" hits="1"/><line number="925" hits="0"/><line number="928" hits="2"/><line number="931" hits="1"/><line number="932" hits="1"/><line number="933" hits="1"/><line number="934" hits="0"/><line number="935" hits="2"/><line number="936" hits="1"/><line number="940" hits="3"/><line number="941" hits="1"/><line number="944" hits="1"/><line number="945" hits="1"/><line number="948" hits="1"/><line number="949" hits="1"/><line number="950" hits="0"/><line number="951" hits="0"/><line number="955" hits="1"/><line number="960" hits="1"/><line number="961" hits="1"/><line number="966" hits="1"/><line number="967" hits="1"/><line number="968" hits="1"/><line number="969" hits="1"/><line number="971" hits="1"/></lines></class></classes></package></packages></coverage>